[debug] [2025-03-19T03:16:11.908Z] ----------------------------------------------------------------------
[debug] [2025-03-19T03:16:11.909Z] Command:       /usr/local/bin/node /usr/local/bin/firebase serve
[debug] [2025-03-19T03:16:11.909Z] CLI Version:   13.34.0
[debug] [2025-03-19T03:16:11.909Z] Platform:      darwin
[debug] [2025-03-19T03:16:11.910Z] Node Version:  v20.18.0
[debug] [2025-03-19T03:16:11.910Z] Time:          Tue Mar 18 2025 20:16:11 GMT-0700 (Pacific Daylight Time)
[debug] [2025-03-19T03:16:11.910Z] ----------------------------------------------------------------------
[debug] 
[debug] [2025-03-19T03:16:12.000Z] > command requires scopes: ["email","openid","https://www.googleapis.com/auth/cloudplatformprojects.readonly","https://www.googleapis.com/auth/firebase","https://www.googleapis.com/auth/cloud-platform"]
[debug] [2025-03-19T03:16:12.000Z] > authorizing via signed-in user (avivpilipski@gmail.com)
[debug] [2025-03-19T03:16:12.000Z] [iam] checking project mindfuljournal-c5bf0 for permissions ["firebase.projects.get"]
[debug] [2025-03-19T03:16:12.000Z] Checked if tokens are valid: true, expires at: 1742355428815
[debug] [2025-03-19T03:16:12.000Z] Checked if tokens are valid: true, expires at: 1742355428815
[debug] [2025-03-19T03:16:12.000Z] >>> [apiv2][query] POST https://cloudresourcemanager.googleapis.com/v1/projects/mindfuljournal-c5bf0:testIamPermissions [none]
[debug] [2025-03-19T03:16:12.001Z] >>> [apiv2][(partial)header] POST https://cloudresourcemanager.googleapis.com/v1/projects/mindfuljournal-c5bf0:testIamPermissions x-goog-quota-user=projects/mindfuljournal-c5bf0
[debug] [2025-03-19T03:16:12.001Z] >>> [apiv2][body] POST https://cloudresourcemanager.googleapis.com/v1/projects/mindfuljournal-c5bf0:testIamPermissions {"permissions":["firebase.projects.get"]}
[debug] [2025-03-19T03:16:12.344Z] <<< [apiv2][status] POST https://cloudresourcemanager.googleapis.com/v1/projects/mindfuljournal-c5bf0:testIamPermissions 200
[debug] [2025-03-19T03:16:12.344Z] <<< [apiv2][body] POST https://cloudresourcemanager.googleapis.com/v1/projects/mindfuljournal-c5bf0:testIamPermissions {"permissions":["firebase.projects.get"]}
[debug] [2025-03-19T03:16:12.345Z] Checked if tokens are valid: true, expires at: 1742355428815
[debug] [2025-03-19T03:16:12.345Z] Checked if tokens are valid: true, expires at: 1742355428815
[debug] [2025-03-19T03:16:12.345Z] >>> [apiv2][query] GET https://cloudresourcemanager.googleapis.com/v1/projects/mindfuljournal-c5bf0 [none]
[debug] [2025-03-19T03:16:12.475Z] <<< [apiv2][status] GET https://cloudresourcemanager.googleapis.com/v1/projects/mindfuljournal-c5bf0 200
[debug] [2025-03-19T03:16:12.475Z] <<< [apiv2][body] GET https://cloudresourcemanager.googleapis.com/v1/projects/mindfuljournal-c5bf0 {"projectNumber":"983633163512","projectId":"mindfuljournal-c5bf0","lifecycleState":"ACTIVE","name":"MindfulJournal","labels":{"firebase":"enabled","firebase-core":"disabled"},"createTime":"2025-03-16T19:10:32.109589Z"}
[info] 
[info] === Serving from '/Users/avivpilipski/Desktop/12/HTCS_Projects/MindfulJournal'...
[info] 
[debug] [2025-03-19T03:16:12.478Z] Checked if tokens are valid: true, expires at: 1742355428815
[debug] [2025-03-19T03:16:12.478Z] Checked if tokens are valid: true, expires at: 1742355428815
[debug] [2025-03-19T03:16:12.478Z] >>> [apiv2][query] GET https://firebasehosting.googleapis.com/v1beta1/projects/mindfuljournal-c5bf0/sites 
[debug] [2025-03-19T03:16:13.341Z] <<< [apiv2][status] GET https://firebasehosting.googleapis.com/v1beta1/projects/mindfuljournal-c5bf0/sites 200
[debug] [2025-03-19T03:16:13.341Z] <<< [apiv2][body] GET https://firebasehosting.googleapis.com/v1beta1/projects/mindfuljournal-c5bf0/sites {"sites":[{"name":"projects/mindfuljournal-c5bf0/sites/mindfuljournal-c5bf0","defaultUrl":"https://mindfuljournal-c5bf0.web.app","appId":"1:983633163512:web:4949d3cf427cd9e668f70d","type":"DEFAULT_SITE"}]}
[debug] [2025-03-19T03:16:13.341Z] Checked if tokens are valid: true, expires at: 1742355428815
[debug] [2025-03-19T03:16:13.341Z] Checked if tokens are valid: true, expires at: 1742355428815
[debug] [2025-03-19T03:16:13.341Z] >>> [apiv2][query] GET https://firebase.googleapis.com/v1beta1/projects/mindfuljournal-c5bf0/webApps/1:983633163512:web:4949d3cf427cd9e668f70d/config [none]
[debug] [2025-03-19T03:16:13.825Z] <<< [apiv2][status] GET https://firebase.googleapis.com/v1beta1/projects/mindfuljournal-c5bf0/webApps/1:983633163512:web:4949d3cf427cd9e668f70d/config 200
[debug] [2025-03-19T03:16:13.826Z] <<< [apiv2][body] GET https://firebase.googleapis.com/v1beta1/projects/mindfuljournal-c5bf0/webApps/1:983633163512:web:4949d3cf427cd9e668f70d/config {"projectId":"mindfuljournal-c5bf0","appId":"1:983633163512:web:4949d3cf427cd9e668f70d","storageBucket":"mindfuljournal-c5bf0.firebasestorage.app","apiKey":"AIzaSyCiawo_DNjM35XQRj-2FcTCmNai0weth7g","authDomain":"mindfuljournal-c5bf0.firebaseapp.com","messagingSenderId":"983633163512","measurementId":"G-8QWRCF39M4"}
[debug] [2025-03-19T03:16:13.832Z] Checked if tokens are valid: true, expires at: 1742355428815
[debug] [2025-03-19T03:16:13.832Z] Checked if tokens are valid: true, expires at: 1742355428815
[debug] [2025-03-19T03:16:13.833Z] >>> [apiv2][query] GET https://firebase.googleapis.com/v1beta1/projects/mindfuljournal-c5bf0 [none]
[debug] [2025-03-19T03:16:14.207Z] <<< [apiv2][status] GET https://firebase.googleapis.com/v1beta1/projects/mindfuljournal-c5bf0 200
[debug] [2025-03-19T03:16:14.207Z] <<< [apiv2][body] GET https://firebase.googleapis.com/v1beta1/projects/mindfuljournal-c5bf0 {"projectId":"mindfuljournal-c5bf0","projectNumber":"983633163512","displayName":"MindfulJournal","name":"projects/mindfuljournal-c5bf0","resources":{"hostingSite":"mindfuljournal-c5bf0"},"state":"ACTIVE","etag":"1_42bbb877-98a2-4ac1-a99a-692e16e4284e"}
[info] i  hosting[mindfuljournal-c5bf0]: Serving hosting files from: public {"metadata":{"emulator":{"name":"hosting"},"message":"Serving hosting files from: \u001b[1mpublic\u001b[22m"}}
[info] ✔  hosting[mindfuljournal-c5bf0]: Local server: http://localhost:5002 {"metadata":{"emulator":{"name":"hosting"},"message":"Local server: \u001b[4m\u001b[1mhttp://localhost:5002\u001b[22m\u001b[24m"}}
